2024-07-16 19:31:16,312 [DEBUG] Leonardo: Leonardo init complete
2024-07-16 19:33:20,118 [DEBUG] Leonardo: Leonardo init complete
2024-07-16 19:35:42,672 [DEBUG] Leonardo: Leonardo init complete
2024-07-16 19:37:52,821 [DEBUG] Leonardo: Leonardo init complete
2024-07-16 19:40:06,507 [DEBUG] Leonardo: Leonardo init complete
2024-07-16 19:40:06,509 [DEBUG] Leonardo: Requesting post generations: POST https://cloud.leonardo.ai/api/rest/v1/generations with payload: {'prompt': ' minde papae', 'negative_prompt': None, 'modelId': None, 'sd_version': None, 'num_images': 4, 'width': 512, 'height': 512, 'num_inference_steps': 40, 'guidance_scale': 7, 'init_generation_image_id': None, 'init_image_id': None, 'init_strength': None, 'scheduler': None, 'presetStyle': None, 'tiling': False, 'public': False, 'promptMagic': True, 'controlNet': False, 'controlNetType': None}
2024-07-16 19:40:08,203 [DEBUG] Leonardo: Post generations: {'sdGenerationJob': {'generationId': 'ae9c5760-e15b-42b8-b96f-bca867ff8f4d', 'apiCreditCost': 14}}
2024-07-16 20:56:12,467 [DEBUG] Leonardo: Leonardo init complete
2024-07-16 21:15:35,546 [DEBUG] Leonardo: Leonardo init complete
2024-07-17 15:52:02,309 [DEBUG] Leonardo: Leonardo init complete
2024-07-17 17:32:43,758 [DEBUG] Leonardo: Leonardo init complete
2024-07-17 18:01:26,103 [DEBUG] Leonardo: Leonardo init complete
2024-07-17 18:01:26,103 [DEBUG] Leonardo: Requesting user info: GET https://cloud.leonardo.ai/api/rest/v1/me
2024-07-17 18:01:26,721 [DEBUG] Leonardo: User info: {'user_details': [{'user': {'id': '6f4d414c-1d9e-4989-89de-5a7b9e240690', 'username': 'contact11111'}, 'tokenRenewalDate': None, 'paidTokens': 0, 'subscriptionTokens': 143, 'subscriptionGptTokens': 100, 'subscriptionModelTokens': 0, 'apiConcurrencySlots': 10, 'apiPaidTokens': None, 'apiSubscriptionTokens': 31042, 'apiPlanTokenRenewalDate': '2024-07-20T13:49:42.961'}]}
2024-07-17 18:01:26,721 [DEBUG] Leonardo: Requesting post generations: POST https://cloud.leonardo.ai/api/rest/v1/generations with payload: {'prompt': 'The quick brown fox jumps over the lazy dog', 'negative_prompt': 'schrodinger cat paradox', 'modelId': 'e316348f-7773-490e-adcd-46757c738eb7', 'sd_version': None, 'num_images': 1, 'width': 1024, 'height': 768, 'num_inference_steps': 40, 'guidance_scale': 7, 'init_generation_image_id': None, 'init_image_id': None, 'init_strength': None, 'scheduler': None, 'presetStyle': None, 'tiling': False, 'public': False, 'promptMagic': True, 'controlNet': False, 'controlNetType': None}
2024-07-17 18:01:28,204 [DEBUG] Leonardo: Post generations: {'sdGenerationJob': {'generationId': '700225e0-cd5b-4514-9d4a-be0ccd525a9d', 'apiCreditCost': 13}}
2024-07-17 18:04:07,845 [DEBUG] Leonardo: Leonardo init complete
2024-07-17 18:04:07,845 [DEBUG] Leonardo: Requesting user info: GET https://cloud.leonardo.ai/api/rest/v1/me
2024-07-17 18:04:08,262 [DEBUG] Leonardo: User info: {'user_details': [{'user': {'id': '6f4d414c-1d9e-4989-89de-5a7b9e240690', 'username': 'contact11111'}, 'tokenRenewalDate': None, 'paidTokens': 0, 'subscriptionTokens': 143, 'subscriptionGptTokens': 100, 'subscriptionModelTokens': 0, 'apiConcurrencySlots': 10, 'apiPaidTokens': None, 'apiSubscriptionTokens': 31029, 'apiPlanTokenRenewalDate': '2024-07-20T13:49:42.961'}]}
2024-07-17 18:04:08,262 [DEBUG] Leonardo: Requesting post generations: POST https://cloud.leonardo.ai/api/rest/v1/generations with payload: {'prompt': 'The quick brown fox jumps over the lazy dog', 'negative_prompt': 'schrodinger cat paradox', 'modelId': 'e316348f-7773-490e-adcd-46757c738eb7', 'sd_version': None, 'num_images': 1, 'width': 1024, 'height': 768, 'num_inference_steps': 40, 'guidance_scale': 7, 'init_generation_image_id': None, 'init_image_id': None, 'init_strength': None, 'scheduler': None, 'presetStyle': None, 'tiling': False, 'public': False, 'promptMagic': True, 'controlNet': False, 'controlNetType': None}
2024-07-17 18:04:09,916 [DEBUG] Leonardo: Post generations: {'sdGenerationJob': {'generationId': 'cc5bd5b0-4318-42c5-a271-18dbf38390dd', 'apiCreditCost': 13}}
2024-07-17 18:04:09,916 [DEBUG] Leonardo: Requested single generations: GET https://cloud.leonardo.ai/api/rest/v1/generations/6f4d414c-1d9e-4989-89de-5a7b9e240690 with generation_id=6f4d414c-1d9e-4989-89de-5a7b9e240690
2024-07-17 18:04:10,297 [DEBUG] Leonardo: Single generations: {'generations_by_pk': None}
2024-07-17 18:07:28,584 [DEBUG] Leonardo: Leonardo init complete
2024-07-17 18:07:28,584 [DEBUG] Leonardo: Requesting post generations: POST https://cloud.leonardo.ai/api/rest/v1/generations with payload: {'prompt': 'The quick brown fox jumps over the lazy dog', 'negative_prompt': 'schrodinger cat paradox', 'modelId': 'e316348f-7773-490e-adcd-46757c738eb7', 'sd_version': None, 'num_images': 1, 'width': 1024, 'height': 768, 'num_inference_steps': 40, 'guidance_scale': 7, 'init_generation_image_id': None, 'init_image_id': None, 'init_strength': None, 'scheduler': None, 'presetStyle': None, 'tiling': False, 'public': False, 'promptMagic': True, 'controlNet': False, 'controlNetType': None}
2024-07-17 18:07:30,303 [DEBUG] Leonardo: Post generations: {'sdGenerationJob': {'generationId': 'cce075f9-d8fe-475c-a152-d29fba783210', 'apiCreditCost': 13}}
2024-07-17 18:07:30,303 [DEBUG] Leonardo: Requested single generations: GET https://cloud.leonardo.ai/api/rest/v1/generations/cce075f9-d8fe-475c-a152-d29fba783210 with generation_id=cce075f9-d8fe-475c-a152-d29fba783210
2024-07-17 18:07:30,675 [DEBUG] Leonardo: Single generations: {'generations_by_pk': {'generated_images': [], 'modelId': 'e316348f-7773-490e-adcd-46757c738eb7', 'motion': None, 'motionModel': None, 'motionStrength': None, 'prompt': 'The quick brown fox jumps over the lazy dog', 'negativePrompt': '', 'imageHeight': 768, 'imageToVideo': None, 'imageWidth': 1024, 'inferenceSteps': 40, 'seed': 1104120690, 'public': False, 'scheduler': 'EULER_DISCRETE', 'sdVersion': 'v1_5', 'status': 'PENDING', 'presetStyle': None, 'initStrength': None, 'guidanceScale': 7, 'id': 'cce075f9-d8fe-475c-a152-d29fba783210', 'createdAt': '2024-07-17T21:08:34.815', 'promptMagic': True, 'promptMagicVersion': 'v2', 'promptMagicStrength': None, 'photoReal': False, 'photoRealStrength': None, 'fantasyAvatar': None, 'generation_elements': []}}
2024-07-17 18:08:49,617 [DEBUG] Leonardo: Leonardo init complete
2024-07-17 18:08:49,617 [DEBUG] Leonardo: Requesting post generations: POST https://cloud.leonardo.ai/api/rest/v1/generations with payload: {'prompt': 'The quick brown fox jumps over the lazy dog', 'negative_prompt': 'schrodinger cat paradox', 'modelId': 'e316348f-7773-490e-adcd-46757c738eb7', 'sd_version': None, 'num_images': 1, 'width': 1024, 'height': 768, 'num_inference_steps': 40, 'guidance_scale': 7, 'init_generation_image_id': None, 'init_image_id': None, 'init_strength': None, 'scheduler': None, 'presetStyle': None, 'tiling': False, 'public': False, 'promptMagic': True, 'controlNet': False, 'controlNetType': None}
2024-07-17 18:08:50,041 [ERROR] Leonardo: Error occurred while post generations: 500 Server Error: Internal Server Error for url: https://cloud.leonardo.ai/api/rest/v1/generations
2024-07-19 20:30:47,592 [DEBUG] Leonardo: Leonardo init complete
2024-07-19 20:30:47,593 [DEBUG] Leonardo: Requesting post generations: POST https://cloud.leonardo.ai/api/rest/v1/generations with payload: {'prompt': 'A rat', 'negative_prompt': None, 'modelId': 'e316348f-7773-490e-adcd-46757c738eb7', 'sd_version': None, 'num_images': 1, 'width': 624, 'height': 832, 'num_inference_steps': 40, 'guidance_scale': 7, 'init_generation_image_id': None, 'init_image_id': None, 'init_strength': None, 'scheduler': None, 'presetStyle': None, 'tiling': False, 'public': False, 'promptMagic': True, 'controlNet': False, 'controlNetType': None}
2024-07-19 20:30:49,008 [DEBUG] Leonardo: Post generations: {'sdGenerationJob': {'generationId': '147cd672-67b7-48ff-828b-84bfed885aed', 'apiCreditCost': 12}}
2024-07-19 20:32:57,812 [DEBUG] Leonardo: Leonardo init complete
2024-07-19 20:32:57,812 [DEBUG] Leonardo: Requesting post generations: POST https://cloud.leonardo.ai/api/rest/v1/generations with payload: {'prompt': 'A rat', 'negative_prompt': None, 'modelId': 'e316348f-7773-490e-adcd-46757c738eb7', 'sd_version': None, 'num_images': 1, 'width': 624, 'height': 832, 'num_inference_steps': 40, 'guidance_scale': 7, 'init_generation_image_id': None, 'init_image_id': None, 'init_strength': None, 'scheduler': None, 'presetStyle': None, 'tiling': False, 'public': False, 'promptMagic': True, 'controlNet': False, 'controlNetType': None}
2024-07-19 20:32:59,225 [DEBUG] Leonardo: Post generations: {'sdGenerationJob': {'generationId': '71ea68cf-0ec9-4ef5-8fa6-8d701fec23cb', 'apiCreditCost': 12}}
2024-07-19 20:39:50,027 [DEBUG] Leonardo: Leonardo init complete
2024-07-19 20:39:50,027 [DEBUG] Leonardo: Requesting post generations: POST https://cloud.leonardo.ai/api/rest/v1/generations with payload: {'prompt': 'A rat', 'negative_prompt': None, 'modelId': 'e316348f-7773-490e-adcd-46757c738eb7', 'sd_version': None, 'num_images': 1, 'width': 624, 'height': 832, 'num_inference_steps': 40, 'guidance_scale': 7, 'init_generation_image_id': None, 'init_image_id': None, 'init_strength': None, 'scheduler': None, 'presetStyle': None, 'tiling': False, 'public': False, 'promptMagic': True, 'controlNet': False, 'controlNetType': None}
2024-07-19 20:39:51,580 [DEBUG] Leonardo: Post generations: {'sdGenerationJob': {'generationId': 'b39a29cb-265c-4e30-aadf-7e3624682fd4', 'apiCreditCost': 12}}
2024-07-19 20:42:48,040 [DEBUG] Leonardo: Leonardo init complete
2024-07-19 20:42:48,040 [DEBUG] Leonardo: Requesting post generations: POST https://cloud.leonardo.ai/api/rest/v1/generations with payload: {'prompt': 'A rat', 'negative_prompt': None, 'modelId': 'e316348f-7773-490e-adcd-46757c738eb7', 'sd_version': None, 'num_images': 1, 'width': 624, 'height': 832, 'num_inference_steps': 40, 'guidance_scale': 7, 'init_generation_image_id': None, 'init_image_id': None, 'init_strength': None, 'scheduler': None, 'presetStyle': None, 'tiling': False, 'public': False, 'promptMagic': True, 'controlNet': False, 'controlNetType': None}
2024-07-19 20:42:49,222 [DEBUG] Leonardo: Post generations: {'sdGenerationJob': {'generationId': '4a5ecae7-222d-4fc4-ab5d-cbd8ba49fe4c', 'apiCreditCost': 12}}
2024-07-22 22:37:45,153 [DEBUG] Leonardo: Leonardo init complete
2024-07-22 22:38:34,320 [DEBUG] Leonardo: Leonardo init complete
2024-07-22 22:43:49,284 [DEBUG] Leonardo: Leonardo init complete
2024-07-22 22:47:10,626 [DEBUG] Leonardo: Leonardo init complete
2024-07-22 22:48:32,239 [DEBUG] Leonardo: Leonardo init complete
2024-07-22 22:49:25,047 [DEBUG] Leonardo: Leonardo init complete
2024-07-22 22:49:40,329 [DEBUG] Leonardo: Requesting post generations: POST https://cloud.leonardo.ai/api/rest/v1/generations with payload: {'prompt': 'Well-done sketch in real colors of a young-looking 16-year-old woman', 'negative_prompt': None, 'modelId': 'e316348f-7773-490e-adcd-46757c738eb7', 'sd_version': None, 'num_images': 1, 'width': 624, 'height': 832, 'num_inference_steps': 40, 'guidance_scale': 7, 'init_generation_image_id': None, 'init_image_id': None, 'init_strength': None, 'scheduler': None, 'presetStyle': None, 'tiling': False, 'public': False, 'promptMagic': True, 'controlNet': False, 'controlNetType': None}
2024-07-22 22:49:42,264 [DEBUG] Leonardo: Post generations: {'sdGenerationJob': {'generationId': 'd9a49519-1875-4eaf-9daf-2598925f5e97', 'apiCreditCost': 12}}
2024-07-22 22:54:09,709 [DEBUG] Leonardo: Leonardo init complete
2024-07-22 22:54:24,676 [DEBUG] Leonardo: Requesting post generations: POST https://cloud.leonardo.ai/api/rest/v1/generations with payload: {'prompt': 'Well-done sketch in real colors of a young-looking 16-year-old woman', 'negative_prompt': None, 'modelId': 'e316348f-7773-490e-adcd-46757c738eb7', 'sd_version': None, 'num_images': 1, 'width': 624, 'height': 832, 'num_inference_steps': 40, 'guidance_scale': 7, 'init_generation_image_id': None, 'init_image_id': None, 'init_strength': None, 'scheduler': None, 'presetStyle': None, 'tiling': False, 'public': False, 'promptMagic': True, 'controlNet': False, 'controlNetType': None}
2024-07-22 22:54:26,256 [DEBUG] Leonardo: Post generations: {'sdGenerationJob': {'generationId': 'c05ebaf6-9478-4648-972b-f2e4044dd3c8', 'apiCreditCost': 12}}
2024-07-22 22:58:12,298 [DEBUG] Leonardo: Leonardo init complete
2024-07-22 22:58:30,935 [DEBUG] Leonardo: Requesting post generations: POST https://cloud.leonardo.ai/api/rest/v1/generations with payload: {'prompt': 'Well-done sketch in real colors of a young-looking 16-year-old woman', 'negative_prompt': None, 'modelId': 'e316348f-7773-490e-adcd-46757c738eb7', 'sd_version': None, 'num_images': 1, 'width': 624, 'height': 832, 'num_inference_steps': 40, 'guidance_scale': 7, 'init_generation_image_id': None, 'init_image_id': None, 'init_strength': None, 'scheduler': None, 'presetStyle': None, 'tiling': False, 'public': False, 'promptMagic': True, 'controlNet': False, 'controlNetType': None}
2024-07-22 22:58:32,560 [DEBUG] Leonardo: Post generations: {'sdGenerationJob': {'generationId': 'c706f10b-6038-4744-84ec-dde5d96d2aa7', 'apiCreditCost': 12}}
2024-07-22 23:00:16,525 [DEBUG] Leonardo: Leonardo init complete
2024-07-22 23:00:32,829 [DEBUG] Leonardo: Requesting post generations: POST https://cloud.leonardo.ai/api/rest/v1/generations with payload: {'prompt': 'Well-done sketch in real colors of a young-looking 16-year-old woman', 'negative_prompt': None, 'modelId': 'e316348f-7773-490e-adcd-46757c738eb7', 'sd_version': None, 'num_images': 1, 'width': 624, 'height': 832, 'num_inference_steps': 40, 'guidance_scale': 7, 'init_generation_image_id': None, 'init_image_id': None, 'init_strength': None, 'scheduler': None, 'presetStyle': None, 'tiling': False, 'public': False, 'promptMagic': True, 'controlNet': False, 'controlNetType': None}
2024-07-22 23:00:34,321 [DEBUG] Leonardo: Post generations: {'sdGenerationJob': {'generationId': '5ef58339-e432-4a2d-84cf-731f5aeb6f05', 'apiCreditCost': 12}}
